ARM GAS  /var/folders/bq/yv49bw8j2kd6w3hsq868qv180000gn/T//ccXFpBi2.s 			page 1


   1              		.cpu cortex-m0plus
   2              		.eabi_attribute 23, 1
   3              		.eabi_attribute 24, 1
   4              		.eabi_attribute 25, 1
   5              		.eabi_attribute 26, 1
   6              		.eabi_attribute 30, 4
   7              		.eabi_attribute 34, 0
   8              		.eabi_attribute 18, 4
   9              		.file	"bsp_radio_planner.c"
  10              		.text
  11              	.Ltext0:
  12              		.cfi_sections	.debug_frame
  13              		.section	.text.rp_bsp_critical_section_begin,"ax",%progbits
  14              		.align	1
  15              		.global	rp_bsp_critical_section_begin
  16              		.arch armv6s-m
  17              		.syntax unified
  18              		.code	16
  19              		.thumb_func
  20              		.fpu softvfp
  22              	rp_bsp_critical_section_begin:
  23              	.LFB0:
  24              		.file 1 "user_app/bsp_specific/bsp_radio_planner.c"
   1:user_app/bsp_specific/bsp_radio_planner.c **** /*!
   2:user_app/bsp_specific/bsp_radio_planner.c ****  * \file      bsp_radio_planner.c
   3:user_app/bsp_specific/bsp_radio_planner.c ****  *
   4:user_app/bsp_specific/bsp_radio_planner.c ****  * \brief     Implements the radio_planner BSP functions
   5:user_app/bsp_specific/bsp_radio_planner.c ****  *
   6:user_app/bsp_specific/bsp_radio_planner.c ****  * Revised BSD License
   7:user_app/bsp_specific/bsp_radio_planner.c ****  * Copyright Semtech Corporation 2020. All rights reserved.
   8:user_app/bsp_specific/bsp_radio_planner.c ****  *
   9:user_app/bsp_specific/bsp_radio_planner.c ****  * Redistribution and use in source and binary forms, with or without
  10:user_app/bsp_specific/bsp_radio_planner.c ****  * modification, are permitted provided that the following conditions are met:
  11:user_app/bsp_specific/bsp_radio_planner.c ****  *     * Redistributions of source code must retain the above copyright
  12:user_app/bsp_specific/bsp_radio_planner.c ****  *       notice, this list of conditions and the following disclaimer.
  13:user_app/bsp_specific/bsp_radio_planner.c ****  *     * Redistributions in binary form must reproduce the above copyright
  14:user_app/bsp_specific/bsp_radio_planner.c ****  *       notice, this list of conditions and the following disclaimer in the
  15:user_app/bsp_specific/bsp_radio_planner.c ****  *       documentation and/or other materials provided with the distribution.
  16:user_app/bsp_specific/bsp_radio_planner.c ****  *     * Neither the name of the Semtech corporation nor the
  17:user_app/bsp_specific/bsp_radio_planner.c ****  *       names of its contributors may be used to endorse or promote products
  18:user_app/bsp_specific/bsp_radio_planner.c ****  *       derived from this software without specific prior written permission.
  19:user_app/bsp_specific/bsp_radio_planner.c ****  *
  20:user_app/bsp_specific/bsp_radio_planner.c ****  * THIS SOFTWARE IS PROVIDED BY THE COPYRIGHT HOLDERS AND CONTRIBUTORS "AS IS"
  21:user_app/bsp_specific/bsp_radio_planner.c ****  * AND ANY EXPRESS OR IMPLIED WARRANTIES, INCLUDING, BUT NOT LIMITED TO, THE
  22:user_app/bsp_specific/bsp_radio_planner.c ****  * IMPLIED WARRANTIES OF MERCHANTABILITY AND FITNESS FOR A PARTICULAR PURPOSE
  23:user_app/bsp_specific/bsp_radio_planner.c ****  * ARE DISCLAIMED. IN NO EVENT SHALL SEMTECH CORPORATION BE LIABLE FOR ANY DIRECT,
  24:user_app/bsp_specific/bsp_radio_planner.c ****  * INDIRECT, INCIDENTAL, SPECIAL, EXEMPLARY, OR CONSEQUENTIAL DAMAGES
  25:user_app/bsp_specific/bsp_radio_planner.c ****  * (INCLUDING, BUT NOT LIMITED TO, PROCUREMENT OF SUBSTITUTE GOODS OR SERVICES;
  26:user_app/bsp_specific/bsp_radio_planner.c ****  * LOSS OF USE, DATA, OR PROFITS; OR BUSINESS INTERRUPTION) HOWEVER CAUSED AND
  27:user_app/bsp_specific/bsp_radio_planner.c ****  * ON ANY THEORY OF LIABILITY, WHETHER IN CONTRACT, STRICT LIABILITY, OR TORT
  28:user_app/bsp_specific/bsp_radio_planner.c ****  * (INCLUDING NEGLIGENCE OR OTHERWISE) ARISING IN ANY WAY OUT OF THE USE OF THIS
  29:user_app/bsp_specific/bsp_radio_planner.c ****  * SOFTWARE, EVEN IF ADVISED OF THE POSSIBILITY OF SUCH DAMAGE.
  30:user_app/bsp_specific/bsp_radio_planner.c ****  */
  31:user_app/bsp_specific/bsp_radio_planner.c **** 
  32:user_app/bsp_specific/bsp_radio_planner.c **** /*
  33:user_app/bsp_specific/bsp_radio_planner.c ****  * -----------------------------------------------------------------------------
  34:user_app/bsp_specific/bsp_radio_planner.c ****  * --- DEPENDENCIES ------------------------------------------------------------
ARM GAS  /var/folders/bq/yv49bw8j2kd6w3hsq868qv180000gn/T//ccXFpBi2.s 			page 2


  35:user_app/bsp_specific/bsp_radio_planner.c ****  */
  36:user_app/bsp_specific/bsp_radio_planner.c **** 
  37:user_app/bsp_specific/bsp_radio_planner.c **** #include <stdint.h>   // C99 types
  38:user_app/bsp_specific/bsp_radio_planner.c **** #include <stdbool.h>  // bool type
  39:user_app/bsp_specific/bsp_radio_planner.c **** 
  40:user_app/bsp_specific/bsp_radio_planner.c **** #include "smtc_bsp.h"
  41:user_app/bsp_specific/bsp_radio_planner.c **** #include "radio_planner_bsp.h"
  42:user_app/bsp_specific/bsp_radio_planner.c **** 
  43:user_app/bsp_specific/bsp_radio_planner.c **** /*
  44:user_app/bsp_specific/bsp_radio_planner.c ****  * -----------------------------------------------------------------------------
  45:user_app/bsp_specific/bsp_radio_planner.c ****  * --- PRIVATE MACROS-----------------------------------------------------------
  46:user_app/bsp_specific/bsp_radio_planner.c ****  */
  47:user_app/bsp_specific/bsp_radio_planner.c **** 
  48:user_app/bsp_specific/bsp_radio_planner.c **** /*
  49:user_app/bsp_specific/bsp_radio_planner.c ****  * -----------------------------------------------------------------------------
  50:user_app/bsp_specific/bsp_radio_planner.c ****  * --- PRIVATE CONSTANTS -------------------------------------------------------
  51:user_app/bsp_specific/bsp_radio_planner.c ****  */
  52:user_app/bsp_specific/bsp_radio_planner.c **** 
  53:user_app/bsp_specific/bsp_radio_planner.c **** /*
  54:user_app/bsp_specific/bsp_radio_planner.c ****  * -----------------------------------------------------------------------------
  55:user_app/bsp_specific/bsp_radio_planner.c ****  * --- PRIVATE TYPES -----------------------------------------------------------
  56:user_app/bsp_specific/bsp_radio_planner.c ****  */
  57:user_app/bsp_specific/bsp_radio_planner.c **** 
  58:user_app/bsp_specific/bsp_radio_planner.c **** /*
  59:user_app/bsp_specific/bsp_radio_planner.c ****  * -----------------------------------------------------------------------------
  60:user_app/bsp_specific/bsp_radio_planner.c ****  * --- PRIVATE VARIABLES -------------------------------------------------------
  61:user_app/bsp_specific/bsp_radio_planner.c ****  */
  62:user_app/bsp_specific/bsp_radio_planner.c **** 
  63:user_app/bsp_specific/bsp_radio_planner.c **** /*
  64:user_app/bsp_specific/bsp_radio_planner.c ****  * -----------------------------------------------------------------------------
  65:user_app/bsp_specific/bsp_radio_planner.c ****  * --- PRIVATE FUNCTIONS DECLARATION -------------------------------------------
  66:user_app/bsp_specific/bsp_radio_planner.c ****  */
  67:user_app/bsp_specific/bsp_radio_planner.c **** 
  68:user_app/bsp_specific/bsp_radio_planner.c **** /*
  69:user_app/bsp_specific/bsp_radio_planner.c ****  * -----------------------------------------------------------------------------
  70:user_app/bsp_specific/bsp_radio_planner.c ****  * --- PUBLIC FUNCTIONS DEFINITION ---------------------------------------------
  71:user_app/bsp_specific/bsp_radio_planner.c ****  */
  72:user_app/bsp_specific/bsp_radio_planner.c **** 
  73:user_app/bsp_specific/bsp_radio_planner.c **** void rp_bsp_critical_section_begin( void )
  74:user_app/bsp_specific/bsp_radio_planner.c **** {
  25              		.loc 1 74 1 view -0
  26              		.cfi_startproc
  27              		@ args = 0, pretend = 0, frame = 0
  28              		@ frame_needed = 0, uses_anonymous_args = 0
  75:user_app/bsp_specific/bsp_radio_planner.c ****     bsp_mcu_disable_periph_irq( );
  29              		.loc 1 75 5 view .LVU1
  74:user_app/bsp_specific/bsp_radio_planner.c ****     bsp_mcu_disable_periph_irq( );
  30              		.loc 1 74 1 is_stmt 0 view .LVU2
  31 0000 10B5     		push	{r4, lr}
  32              		.cfi_def_cfa_offset 8
  33              		.cfi_offset 4, -8
  34              		.cfi_offset 14, -4
  35              		.loc 1 75 5 view .LVU3
  36 0002 FFF7FEFF 		bl	bsp_mcu_disable_periph_irq
  37              	.LVL0:
  76:user_app/bsp_specific/bsp_radio_planner.c **** }
  38              		.loc 1 76 1 view .LVU4
ARM GAS  /var/folders/bq/yv49bw8j2kd6w3hsq868qv180000gn/T//ccXFpBi2.s 			page 3


  39              		@ sp needed
  40 0006 10BD     		pop	{r4, pc}
  41              		.cfi_endproc
  42              	.LFE0:
  44              		.section	.text.rp_bsp_critical_section_end,"ax",%progbits
  45              		.align	1
  46              		.global	rp_bsp_critical_section_end
  47              		.syntax unified
  48              		.code	16
  49              		.thumb_func
  50              		.fpu softvfp
  52              	rp_bsp_critical_section_end:
  53              	.LFB1:
  77:user_app/bsp_specific/bsp_radio_planner.c **** 
  78:user_app/bsp_specific/bsp_radio_planner.c **** void rp_bsp_critical_section_end( void )
  79:user_app/bsp_specific/bsp_radio_planner.c **** {
  54              		.loc 1 79 1 is_stmt 1 view -0
  55              		.cfi_startproc
  56              		@ args = 0, pretend = 0, frame = 0
  57              		@ frame_needed = 0, uses_anonymous_args = 0
  80:user_app/bsp_specific/bsp_radio_planner.c ****     bsp_mcu_enable_periph_irq( );
  58              		.loc 1 80 5 view .LVU6
  79:user_app/bsp_specific/bsp_radio_planner.c ****     bsp_mcu_enable_periph_irq( );
  59              		.loc 1 79 1 is_stmt 0 view .LVU7
  60 0000 10B5     		push	{r4, lr}
  61              		.cfi_def_cfa_offset 8
  62              		.cfi_offset 4, -8
  63              		.cfi_offset 14, -4
  64              		.loc 1 80 5 view .LVU8
  65 0002 FFF7FEFF 		bl	bsp_mcu_enable_periph_irq
  66              	.LVL1:
  81:user_app/bsp_specific/bsp_radio_planner.c **** }
  67              		.loc 1 81 1 view .LVU9
  68              		@ sp needed
  69 0006 10BD     		pop	{r4, pc}
  70              		.cfi_endproc
  71              	.LFE1:
  73              		.section	.text.rp_bsp_timer_stop,"ax",%progbits
  74              		.align	1
  75              		.global	rp_bsp_timer_stop
  76              		.syntax unified
  77              		.code	16
  78              		.thumb_func
  79              		.fpu softvfp
  81              	rp_bsp_timer_stop:
  82              	.LFB2:
  82:user_app/bsp_specific/bsp_radio_planner.c **** 
  83:user_app/bsp_specific/bsp_radio_planner.c **** void rp_bsp_timer_stop( void )
  84:user_app/bsp_specific/bsp_radio_planner.c **** {
  83              		.loc 1 84 1 is_stmt 1 view -0
  84              		.cfi_startproc
  85              		@ args = 0, pretend = 0, frame = 0
  86              		@ frame_needed = 0, uses_anonymous_args = 0
  85:user_app/bsp_specific/bsp_radio_planner.c ****     bsp_tmr_stop( );
  87              		.loc 1 85 5 view .LVU11
  84:user_app/bsp_specific/bsp_radio_planner.c ****     bsp_tmr_stop( );
  88              		.loc 1 84 1 is_stmt 0 view .LVU12
ARM GAS  /var/folders/bq/yv49bw8j2kd6w3hsq868qv180000gn/T//ccXFpBi2.s 			page 4


  89 0000 10B5     		push	{r4, lr}
  90              		.cfi_def_cfa_offset 8
  91              		.cfi_offset 4, -8
  92              		.cfi_offset 14, -4
  93              		.loc 1 85 5 view .LVU13
  94 0002 FFF7FEFF 		bl	bsp_tmr_stop
  95              	.LVL2:
  86:user_app/bsp_specific/bsp_radio_planner.c **** }
  96              		.loc 1 86 1 view .LVU14
  97              		@ sp needed
  98 0006 10BD     		pop	{r4, pc}
  99              		.cfi_endproc
 100              	.LFE2:
 102              		.section	.text.rp_bsp_timer_start,"ax",%progbits
 103              		.align	1
 104              		.global	rp_bsp_timer_start
 105              		.syntax unified
 106              		.code	16
 107              		.thumb_func
 108              		.fpu softvfp
 110              	rp_bsp_timer_start:
 111              	.LVL3:
 112              	.LFB3:
  87:user_app/bsp_specific/bsp_radio_planner.c **** 
  88:user_app/bsp_specific/bsp_radio_planner.c **** void rp_bsp_timer_start( void* rp, uint32_t alarm_in_ms, void ( *callback )( void* context ) )
  89:user_app/bsp_specific/bsp_radio_planner.c **** {
 113              		.loc 1 89 1 is_stmt 1 view -0
 114              		.cfi_startproc
 115              		@ args = 0, pretend = 0, frame = 8
 116              		@ frame_needed = 0, uses_anonymous_args = 0
  90:user_app/bsp_specific/bsp_radio_planner.c ****     bsp_tmr_start( alarm_in_ms, &( bsp_tmr_irq_t ){ .context = rp, .callback = callback } );
 117              		.loc 1 90 5 view .LVU16
  89:user_app/bsp_specific/bsp_radio_planner.c ****     bsp_tmr_start( alarm_in_ms, &( bsp_tmr_irq_t ){ .context = rp, .callback = callback } );
 118              		.loc 1 89 1 is_stmt 0 view .LVU17
 119 0000 0300     		movs	r3, r0
 120 0002 07B5     		push	{r0, r1, r2, lr}
 121              		.cfi_def_cfa_offset 16
 122              		.cfi_offset 0, -16
 123              		.cfi_offset 1, -12
 124              		.cfi_offset 2, -8
 125              		.cfi_offset 14, -4
  89:user_app/bsp_specific/bsp_radio_planner.c ****     bsp_tmr_start( alarm_in_ms, &( bsp_tmr_irq_t ){ .context = rp, .callback = callback } );
 126              		.loc 1 89 1 view .LVU18
 127 0004 0800     		movs	r0, r1
 128              	.LVL4:
 129              		.loc 1 90 5 view .LVU19
 130 0006 6946     		mov	r1, sp
 131              	.LVL5:
 132              		.loc 1 90 51 view .LVU20
 133 0008 0093     		str	r3, [sp]
 134 000a 0192     		str	r2, [sp, #4]
  91:user_app/bsp_specific/bsp_radio_planner.c **** }
 135              		.loc 1 91 1 view .LVU21
 136              		@ sp needed
  90:user_app/bsp_specific/bsp_radio_planner.c ****     bsp_tmr_start( alarm_in_ms, &( bsp_tmr_irq_t ){ .context = rp, .callback = callback } );
 137              		.loc 1 90 5 view .LVU22
 138 000c FFF7FEFF 		bl	bsp_tmr_start
ARM GAS  /var/folders/bq/yv49bw8j2kd6w3hsq868qv180000gn/T//ccXFpBi2.s 			page 5


 139              	.LVL6:
 140              		.loc 1 91 1 view .LVU23
 141 0010 07BD     		pop	{r0, r1, r2, pc}
 142              		.cfi_endproc
 143              	.LFE3:
 145              		.section	.text.rp_bsp_timestamp_get,"ax",%progbits
 146              		.align	1
 147              		.global	rp_bsp_timestamp_get
 148              		.syntax unified
 149              		.code	16
 150              		.thumb_func
 151              		.fpu softvfp
 153              	rp_bsp_timestamp_get:
 154              	.LFB4:
  92:user_app/bsp_specific/bsp_radio_planner.c **** 
  93:user_app/bsp_specific/bsp_radio_planner.c **** uint32_t rp_bsp_timestamp_get( void )
  94:user_app/bsp_specific/bsp_radio_planner.c **** {
 155              		.loc 1 94 1 is_stmt 1 view -0
 156              		.cfi_startproc
 157              		@ args = 0, pretend = 0, frame = 0
 158              		@ frame_needed = 0, uses_anonymous_args = 0
  95:user_app/bsp_specific/bsp_radio_planner.c ****     return bsp_rtc_get_time_ms( );
 159              		.loc 1 95 5 view .LVU25
  94:user_app/bsp_specific/bsp_radio_planner.c ****     return bsp_rtc_get_time_ms( );
 160              		.loc 1 94 1 is_stmt 0 view .LVU26
 161 0000 10B5     		push	{r4, lr}
 162              		.cfi_def_cfa_offset 8
 163              		.cfi_offset 4, -8
 164              		.cfi_offset 14, -4
 165              		.loc 1 95 12 view .LVU27
 166 0002 FFF7FEFF 		bl	bsp_rtc_get_time_ms
 167              	.LVL7:
  96:user_app/bsp_specific/bsp_radio_planner.c **** }
 168              		.loc 1 96 1 view .LVU28
 169              		@ sp needed
 170 0006 10BD     		pop	{r4, pc}
 171              		.cfi_endproc
 172              	.LFE4:
 174              		.section	.text.rp_bsp_irq_get_pending,"ax",%progbits
 175              		.align	1
 176              		.global	rp_bsp_irq_get_pending
 177              		.syntax unified
 178              		.code	16
 179              		.thumb_func
 180              		.fpu softvfp
 182              	rp_bsp_irq_get_pending:
 183              	.LFB5:
  97:user_app/bsp_specific/bsp_radio_planner.c **** 
  98:user_app/bsp_specific/bsp_radio_planner.c **** uint8_t rp_bsp_irq_get_pending( void )
  99:user_app/bsp_specific/bsp_radio_planner.c **** {
 184              		.loc 1 99 1 is_stmt 1 view -0
 185              		.cfi_startproc
 186              		@ args = 0, pretend = 0, frame = 0
 187              		@ frame_needed = 0, uses_anonymous_args = 0
 100:user_app/bsp_specific/bsp_radio_planner.c ****     return bsp_gpio_is_pending_irq( ) ? 1 : 0;
 188              		.loc 1 100 5 view .LVU30
  99:user_app/bsp_specific/bsp_radio_planner.c ****     return bsp_gpio_is_pending_irq( ) ? 1 : 0;
ARM GAS  /var/folders/bq/yv49bw8j2kd6w3hsq868qv180000gn/T//ccXFpBi2.s 			page 6


 189              		.loc 1 99 1 is_stmt 0 view .LVU31
 190 0000 10B5     		push	{r4, lr}
 191              		.cfi_def_cfa_offset 8
 192              		.cfi_offset 4, -8
 193              		.cfi_offset 14, -4
 194              		.loc 1 100 12 view .LVU32
 195 0002 FFF7FEFF 		bl	bsp_gpio_is_pending_irq
 196              	.LVL8:
 101:user_app/bsp_specific/bsp_radio_planner.c **** }
 197              		.loc 1 101 1 view .LVU33
 198              		@ sp needed
 199 0006 10BD     		pop	{r4, pc}
 200              		.cfi_endproc
 201              	.LFE5:
 203              		.text
 204              	.Letext0:
 205              		.file 2 "/Applications/STM32CubeIDE.app/Contents/Eclipse/plugins/com.st.stm32cube.ide.mcu.external
 206              		.file 3 "/Applications/STM32CubeIDE.app/Contents/Eclipse/plugins/com.st.stm32cube.ide.mcu.external
 207              		.file 4 "smtc_bsp/smtc_bsp_tmr.h"
 208              		.file 5 "/Applications/STM32CubeIDE.app/Contents/Eclipse/plugins/com.st.stm32cube.ide.mcu.external
 209              		.file 6 "/Applications/STM32CubeIDE.app/Contents/Eclipse/plugins/com.st.stm32cube.ide.mcu.external
 210              		.file 7 "/Applications/STM32CubeIDE.app/Contents/Eclipse/plugins/com.st.stm32cube.ide.mcu.external
 211              		.file 8 "/Applications/STM32CubeIDE.app/Contents/Eclipse/plugins/com.st.stm32cube.ide.mcu.external
 212              		.file 9 "smtc_bsp/smtc_bsp_gpio.h"
 213              		.file 10 "smtc_bsp/smtc_bsp_rtc.h"
 214              		.file 11 "smtc_bsp/smtc_bsp_mcu.h"
ARM GAS  /var/folders/bq/yv49bw8j2kd6w3hsq868qv180000gn/T//ccXFpBi2.s 			page 7


DEFINED SYMBOLS
                            *ABS*:0000000000000000 bsp_radio_planner.c
/var/folders/bq/yv49bw8j2kd6w3hsq868qv180000gn/T//ccXFpBi2.s:14     .text.rp_bsp_critical_section_begin:0000000000000000 $t
/var/folders/bq/yv49bw8j2kd6w3hsq868qv180000gn/T//ccXFpBi2.s:22     .text.rp_bsp_critical_section_begin:0000000000000000 rp_bsp_critical_section_begin
/var/folders/bq/yv49bw8j2kd6w3hsq868qv180000gn/T//ccXFpBi2.s:45     .text.rp_bsp_critical_section_end:0000000000000000 $t
/var/folders/bq/yv49bw8j2kd6w3hsq868qv180000gn/T//ccXFpBi2.s:52     .text.rp_bsp_critical_section_end:0000000000000000 rp_bsp_critical_section_end
/var/folders/bq/yv49bw8j2kd6w3hsq868qv180000gn/T//ccXFpBi2.s:74     .text.rp_bsp_timer_stop:0000000000000000 $t
/var/folders/bq/yv49bw8j2kd6w3hsq868qv180000gn/T//ccXFpBi2.s:81     .text.rp_bsp_timer_stop:0000000000000000 rp_bsp_timer_stop
/var/folders/bq/yv49bw8j2kd6w3hsq868qv180000gn/T//ccXFpBi2.s:103    .text.rp_bsp_timer_start:0000000000000000 $t
/var/folders/bq/yv49bw8j2kd6w3hsq868qv180000gn/T//ccXFpBi2.s:110    .text.rp_bsp_timer_start:0000000000000000 rp_bsp_timer_start
/var/folders/bq/yv49bw8j2kd6w3hsq868qv180000gn/T//ccXFpBi2.s:146    .text.rp_bsp_timestamp_get:0000000000000000 $t
/var/folders/bq/yv49bw8j2kd6w3hsq868qv180000gn/T//ccXFpBi2.s:153    .text.rp_bsp_timestamp_get:0000000000000000 rp_bsp_timestamp_get
/var/folders/bq/yv49bw8j2kd6w3hsq868qv180000gn/T//ccXFpBi2.s:175    .text.rp_bsp_irq_get_pending:0000000000000000 $t
/var/folders/bq/yv49bw8j2kd6w3hsq868qv180000gn/T//ccXFpBi2.s:182    .text.rp_bsp_irq_get_pending:0000000000000000 rp_bsp_irq_get_pending

UNDEFINED SYMBOLS
bsp_mcu_disable_periph_irq
bsp_mcu_enable_periph_irq
bsp_tmr_stop
bsp_tmr_start
bsp_rtc_get_time_ms
bsp_gpio_is_pending_irq
