ARM GAS  /var/folders/bq/yv49bw8j2kd6w3hsq868qv180000gn/T//ccFaG6FP.s 			page 1


   1              		.cpu cortex-m0plus
   2              		.eabi_attribute 23, 1
   3              		.eabi_attribute 24, 1
   4              		.eabi_attribute 25, 1
   5              		.eabi_attribute 26, 1
   6              		.eabi_attribute 30, 4
   7              		.eabi_attribute 34, 0
   8              		.eabi_attribute 18, 4
   9              		.file	"git_version.c"
  10              		.text
  11              	.Ltext0:
  12              		.cfi_sections	.debug_frame
  13              		.section	.rodata.get_software_git_version.str1.1,"aMS",%progbits,1
  14              	.LC0:
  15 0000 38616463 		.ascii	"8adccfd--dirty\000"
  15      6366642D 
  15      2D646972 
  15      747900
  16              		.section	.text.get_software_git_version,"ax",%progbits
  17              		.align	1
  18              		.global	get_software_git_version
  19              		.arch armv6s-m
  20              		.syntax unified
  21              		.code	16
  22              		.thumb_func
  23              		.fpu softvfp
  25              	get_software_git_version:
  26              	.LFB0:
  27              		.file 1 "user_app/git_version.c"
   1:user_app/git_version.c **** /*!
   2:user_app/git_version.c ****  * \file      git_version.c
   3:user_app/git_version.c ****  *
   4:user_app/git_version.c ****  * \brief     handle git version status
   5:user_app/git_version.c ****  *
   6:user_app/git_version.c ****  * Revised BSD License
   7:user_app/git_version.c ****  * Copyright Semtech Corporation 2020. All rights reserved.
   8:user_app/git_version.c ****  *
   9:user_app/git_version.c ****  * Redistribution and use in source and binary forms, with or without
  10:user_app/git_version.c ****  * modification, are permitted provided that the following conditions are met:
  11:user_app/git_version.c ****  *     * Redistributions of source code must retain the above copyright
  12:user_app/git_version.c ****  *       notice, this list of conditions and the following disclaimer.
  13:user_app/git_version.c ****  *     * Redistributions in binary form must reproduce the above copyright
  14:user_app/git_version.c ****  *       notice, this list of conditions and the following disclaimer in the
  15:user_app/git_version.c ****  *       documentation and/or other materials provided with the distribution.
  16:user_app/git_version.c ****  *     * Neither the name of the Semtech corporation nor the
  17:user_app/git_version.c ****  *       names of its contributors may be used to endorse or promote products
  18:user_app/git_version.c ****  *       derived from this software without specific prior written permission.
  19:user_app/git_version.c ****  *
  20:user_app/git_version.c ****  * THIS SOFTWARE IS PROVIDED BY THE COPYRIGHT HOLDERS AND CONTRIBUTORS "AS IS"
  21:user_app/git_version.c ****  * AND ANY EXPRESS OR IMPLIED WARRANTIES, INCLUDING, BUT NOT LIMITED TO, THE
  22:user_app/git_version.c ****  * IMPLIED WARRANTIES OF MERCHANTABILITY AND FITNESS FOR A PARTICULAR PURPOSE
  23:user_app/git_version.c ****  * ARE DISCLAIMED. IN NO EVENT SHALL SEMTECH CORPORATION BE LIABLE FOR ANY DIRECT,
  24:user_app/git_version.c ****  * INDIRECT, INCIDENTAL, SPECIAL, EXEMPLARY, OR CONSEQUENTIAL DAMAGES
  25:user_app/git_version.c ****  * (INCLUDING, BUT NOT LIMITED TO, PROCUREMENT OF SUBSTITUTE GOODS OR SERVICES;
  26:user_app/git_version.c ****  * LOSS OF USE, DATA, OR PROFITS; OR BUSINESS INTERRUPTION) HOWEVER CAUSED AND
  27:user_app/git_version.c ****  * ON ANY THEORY OF LIABILITY, WHETHER IN CONTRACT, STRICT LIABILITY, OR TORT
  28:user_app/git_version.c ****  * (INCLUDING NEGLIGENCE OR OTHERWISE) ARISING IN ANY WAY OUT OF THE USE OF THIS
ARM GAS  /var/folders/bq/yv49bw8j2kd6w3hsq868qv180000gn/T//ccFaG6FP.s 			page 2


  29:user_app/git_version.c ****  * SOFTWARE, EVEN IF ADVISED OF THE POSSIBILITY OF SUCH DAMAGE.
  30:user_app/git_version.c ****  */
  31:user_app/git_version.c **** 
  32:user_app/git_version.c **** /*
  33:user_app/git_version.c ****  * -----------------------------------------------------------------------------
  34:user_app/git_version.c ****  * --- DEPENDENCIES ------------------------------------------------------------
  35:user_app/git_version.c ****  */
  36:user_app/git_version.c **** 
  37:user_app/git_version.c **** #include <stdint.h>   // C99 types
  38:user_app/git_version.c **** #include <stdbool.h>  // bool type
  39:user_app/git_version.c **** 
  40:user_app/git_version.c **** #include "git_version.h"
  41:user_app/git_version.c **** 
  42:user_app/git_version.c **** /*
  43:user_app/git_version.c ****  * -----------------------------------------------------------------------------
  44:user_app/git_version.c ****  * --- PUBLIC FUNCTIONS DEFINITION ---------------------------------------------
  45:user_app/git_version.c ****  */
  46:user_app/git_version.c **** 
  47:user_app/git_version.c **** const char* get_software_git_version( void )
  48:user_app/git_version.c **** {
  28              		.loc 1 48 1 view -0
  29              		.cfi_startproc
  30              		@ args = 0, pretend = 0, frame = 0
  31              		@ frame_needed = 0, uses_anonymous_args = 0
  32              		@ link register save eliminated.
  49:user_app/git_version.c ****     return GIT_VERSION;
  33              		.loc 1 49 5 view .LVU1
  50:user_app/git_version.c **** }
  34              		.loc 1 50 1 is_stmt 0 view .LVU2
  35 0000 0048     		ldr	r0, .L2
  36              		@ sp needed
  37 0002 7047     		bx	lr
  38              	.L3:
  39              		.align	2
  40              	.L2:
  41 0004 00000000 		.word	.LC0
  42              		.cfi_endproc
  43              	.LFE0:
  45              		.section	.rodata.get_software_git_commit.str1.1,"aMS",%progbits,1
  46              	.LC2:
  47 0000 38616463 		.ascii	"8adccfd4edc21dc2f845622e434613c6a3c9bfd2\000"
  47      63666434 
  47      65646332 
  47      31646332 
  47      66383435 
  48              		.section	.text.get_software_git_commit,"ax",%progbits
  49              		.align	1
  50              		.global	get_software_git_commit
  51              		.syntax unified
  52              		.code	16
  53              		.thumb_func
  54              		.fpu softvfp
  56              	get_software_git_commit:
  57              	.LFB1:
  51:user_app/git_version.c **** 
  52:user_app/git_version.c **** const char* get_software_git_commit( void )
  53:user_app/git_version.c **** {
ARM GAS  /var/folders/bq/yv49bw8j2kd6w3hsq868qv180000gn/T//ccFaG6FP.s 			page 3


  58              		.loc 1 53 1 is_stmt 1 view -0
  59              		.cfi_startproc
  60              		@ args = 0, pretend = 0, frame = 0
  61              		@ frame_needed = 0, uses_anonymous_args = 0
  62              		@ link register save eliminated.
  54:user_app/git_version.c ****     return GIT_COMMIT;
  63              		.loc 1 54 5 view .LVU4
  55:user_app/git_version.c **** }
  64              		.loc 1 55 1 is_stmt 0 view .LVU5
  65 0000 0048     		ldr	r0, .L5
  66              		@ sp needed
  67 0002 7047     		bx	lr
  68              	.L6:
  69              		.align	2
  70              	.L5:
  71 0004 00000000 		.word	.LC2
  72              		.cfi_endproc
  73              	.LFE1:
  75              		.section	.rodata.get_software_git_date.str1.1,"aMS",%progbits,1
  76              	.LC4:
  77 0000 32303231 		.ascii	"2021-09-09T15:47:05+10:00\000"
  77      2D30392D 
  77      30395431 
  77      353A3437 
  77      3A30352B 
  78              		.section	.text.get_software_git_date,"ax",%progbits
  79              		.align	1
  80              		.global	get_software_git_date
  81              		.syntax unified
  82              		.code	16
  83              		.thumb_func
  84              		.fpu softvfp
  86              	get_software_git_date:
  87              	.LFB2:
  56:user_app/git_version.c **** 
  57:user_app/git_version.c **** const char* get_software_git_date( void )
  58:user_app/git_version.c **** {
  88              		.loc 1 58 1 is_stmt 1 view -0
  89              		.cfi_startproc
  90              		@ args = 0, pretend = 0, frame = 0
  91              		@ frame_needed = 0, uses_anonymous_args = 0
  92              		@ link register save eliminated.
  59:user_app/git_version.c ****     return GIT_DATE;
  93              		.loc 1 59 5 view .LVU7
  60:user_app/git_version.c **** }
  94              		.loc 1 60 1 is_stmt 0 view .LVU8
  95 0000 0048     		ldr	r0, .L8
  96              		@ sp needed
  97 0002 7047     		bx	lr
  98              	.L9:
  99              		.align	2
 100              	.L8:
 101 0004 00000000 		.word	.LC4
 102              		.cfi_endproc
 103              	.LFE2:
 105              		.section	.rodata.get_software_build_date.str1.1,"aMS",%progbits,1
 106              	.LC6:
ARM GAS  /var/folders/bq/yv49bw8j2kd6w3hsq868qv180000gn/T//ccFaG6FP.s 			page 4


 107 0000 00       		.ascii	"\000"
 108              		.section	.text.get_software_build_date,"ax",%progbits
 109              		.align	1
 110              		.global	get_software_build_date
 111              		.syntax unified
 112              		.code	16
 113              		.thumb_func
 114              		.fpu softvfp
 116              	get_software_build_date:
 117              	.LFB3:
  61:user_app/git_version.c **** 
  62:user_app/git_version.c **** const char* get_software_build_date( void )
  63:user_app/git_version.c **** {
 118              		.loc 1 63 1 is_stmt 1 view -0
 119              		.cfi_startproc
 120              		@ args = 0, pretend = 0, frame = 0
 121              		@ frame_needed = 0, uses_anonymous_args = 0
 122              		@ link register save eliminated.
  64:user_app/git_version.c ****     return BUILD_DATE;
 123              		.loc 1 64 5 view .LVU10
  65:user_app/git_version.c **** }
 124              		.loc 1 65 1 is_stmt 0 view .LVU11
 125 0000 0048     		ldr	r0, .L11
 126              		@ sp needed
 127 0002 7047     		bx	lr
 128              	.L12:
 129              		.align	2
 130              	.L11:
 131 0004 00000000 		.word	.LC6
 132              		.cfi_endproc
 133              	.LFE3:
 135              		.text
 136              	.Letext0:
ARM GAS  /var/folders/bq/yv49bw8j2kd6w3hsq868qv180000gn/T//ccFaG6FP.s 			page 5


DEFINED SYMBOLS
                            *ABS*:0000000000000000 git_version.c
/var/folders/bq/yv49bw8j2kd6w3hsq868qv180000gn/T//ccFaG6FP.s:17     .text.get_software_git_version:0000000000000000 $t
/var/folders/bq/yv49bw8j2kd6w3hsq868qv180000gn/T//ccFaG6FP.s:25     .text.get_software_git_version:0000000000000000 get_software_git_version
/var/folders/bq/yv49bw8j2kd6w3hsq868qv180000gn/T//ccFaG6FP.s:41     .text.get_software_git_version:0000000000000004 $d
/var/folders/bq/yv49bw8j2kd6w3hsq868qv180000gn/T//ccFaG6FP.s:49     .text.get_software_git_commit:0000000000000000 $t
/var/folders/bq/yv49bw8j2kd6w3hsq868qv180000gn/T//ccFaG6FP.s:56     .text.get_software_git_commit:0000000000000000 get_software_git_commit
/var/folders/bq/yv49bw8j2kd6w3hsq868qv180000gn/T//ccFaG6FP.s:71     .text.get_software_git_commit:0000000000000004 $d
/var/folders/bq/yv49bw8j2kd6w3hsq868qv180000gn/T//ccFaG6FP.s:79     .text.get_software_git_date:0000000000000000 $t
/var/folders/bq/yv49bw8j2kd6w3hsq868qv180000gn/T//ccFaG6FP.s:86     .text.get_software_git_date:0000000000000000 get_software_git_date
/var/folders/bq/yv49bw8j2kd6w3hsq868qv180000gn/T//ccFaG6FP.s:101    .text.get_software_git_date:0000000000000004 $d
/var/folders/bq/yv49bw8j2kd6w3hsq868qv180000gn/T//ccFaG6FP.s:109    .text.get_software_build_date:0000000000000000 $t
/var/folders/bq/yv49bw8j2kd6w3hsq868qv180000gn/T//ccFaG6FP.s:116    .text.get_software_build_date:0000000000000000 get_software_build_date
/var/folders/bq/yv49bw8j2kd6w3hsq868qv180000gn/T//ccFaG6FP.s:131    .text.get_software_build_date:0000000000000004 $d

NO UNDEFINED SYMBOLS
