ARM GAS  /var/folders/bq/yv49bw8j2kd6w3hsq868qv180000gn/T//ccv76mJy.s 			page 1


   1              		.cpu cortex-m0plus
   2              		.eabi_attribute 23, 1
   3              		.eabi_attribute 24, 1
   4              		.eabi_attribute 25, 1
   5              		.eabi_attribute 26, 1
   6              		.eabi_attribute 30, 4
   7              		.eabi_attribute 34, 0
   8              		.eabi_attribute 18, 4
   9              		.file	"stm32l0xx_hal_wwdg.c"
  10              		.text
  11              	.Ltext0:
  12              		.cfi_sections	.debug_frame
  13              	.Letext0:
  14              		.file 1 "/Applications/STM32CubeIDE.app/Contents/Eclipse/plugins/com.st.stm32cube.ide.mcu.external
  15              		.file 2 "/Applications/STM32CubeIDE.app/Contents/Eclipse/plugins/com.st.stm32cube.ide.mcu.external
  16              		.file 3 "user_app/mcu_core/system_stm32l0xx.h"
  17              		.file 4 "smtc_bsp/arm/stm32/stm32_hal/STM32L0xx_HAL_Driver/Inc/stm32l0xx_hal.h"
ARM GAS  /var/folders/bq/yv49bw8j2kd6w3hsq868qv180000gn/T//ccv76mJy.s 			page 2


DEFINED SYMBOLS
                            *ABS*:0000000000000000 stm32l0xx_hal_wwdg.c

NO UNDEFINED SYMBOLS
